<?xml version="1.0" encoding="UTF-8"?>
<!-- Generated by org.testng.reporters.JUnitXMLReporter -->
<testsuite ignored="0" hostname="DESKTOP-M4O5OHL" failures="1" tests="2" name="ErrorValidation" time="17.454" errors="0" timestamp="2024-12-26T17:33:57 IST">
  <testcase classname="seleniumframework.ErrorValidationTest" name="loginErrorValiation" time="0.692">
    <failure type="java.lang.AssertionError" message="expected [Incorrect email or password.] but found [Incorrect email password.]">
      <![CDATA[java.lang.AssertionError: expected [Incorrect email or password.] but found [Incorrect email password.]
at seleniumframework.ErrorValidationTest.loginErrorValiation(ErrorValidationTest.java:49)
at java.base/java.util.ArrayList.forEach(ArrayList.java:1597)
... Removed 35 stack frames]]>
    </failure>
  </testcase> <!-- loginErrorValiation -->
  <testcase classname="seleniumframework.ErrorValidationTest" name="ProductErrorValidation" time="3.678"/>
</testsuite> <!-- ErrorValidation -->
