<?xml version="1.0" encoding="UTF-8"?>
<testng-results ignored="0" total="1" passed="1" failed="0" skipped="0">
  <reporter-output>
  </reporter-output>
  <suite started-at="2024-12-30T19:44:39 IST" name="Suite" finished-at="2024-12-30T19:44:51 IST" duration-ms="11475">
    <groups>
    </groups>
    <test started-at="2024-12-30T19:44:39 IST" name="Login Order" finished-at="2024-12-30T19:44:51 IST" duration-ms="11475">
      <class name="seleniumframework.LoginTestCase">
        <test-method is-config="true" signature="launchApplication()[pri:0, instance:seleniumframework.LoginTestCase@2a65fe7c]" started-at="2024-12-30T19:44:39 IST" name="launchApplication" finished-at="2024-12-30T19:44:44 IST" duration-ms="5155" status="PASS">
          <reporter-output>
          </reporter-output>
        </test-method> <!-- launchApplication -->
        <test-method signature="Login()[pri:0, instance:seleniumframework.LoginTestCase@2a65fe7c]" started-at="2024-12-30T19:44:44 IST" name="Login" finished-at="2024-12-30T19:44:50 IST" duration-ms="5819" status="PASS">
          <reporter-output>
          </reporter-output>
        </test-method> <!-- Login -->
        <test-method is-config="true" signature="tearDown()[pri:0, instance:seleniumframework.LoginTestCase@2a65fe7c]" started-at="2024-12-30T19:44:50 IST" name="tearDown" finished-at="2024-12-30T19:44:51 IST" duration-ms="436" status="PASS">
          <reporter-output>
          </reporter-output>
        </test-method> <!-- tearDown -->
      </class> <!-- seleniumframework.LoginTestCase -->
    </test> <!-- Login Order -->
  </suite> <!-- Suite -->
</testng-results>
