<?xml version="1.0" encoding="UTF-8"?>
<testng-results ignored="0" total="1" passed="1" failed="0" skipped="0">
  <reporter-output>
  </reporter-output>
  <suite started-at="2024-12-24T19:16:03 IST" name="Suite" finished-at="2024-12-24T19:16:11 IST" duration-ms="8210">
    <groups>
    </groups>
    <test started-at="2024-12-24T19:16:03 IST" name="Login Order" finished-at="2024-12-24T19:16:11 IST" duration-ms="8210">
      <class name="seleniumframework.LoginTestCase">
        <test-method is-config="true" signature="launchApplication()[pri:0, instance:seleniumframework.LoginTestCase@24313fcc]" started-at="2024-12-24T19:16:03 IST" name="launchApplication" finished-at="2024-12-24T19:16:10 IST" duration-ms="7157" status="PASS">
          <reporter-output>
          </reporter-output>
        </test-method> <!-- launchApplication -->
        <test-method signature="Login()[pri:0, instance:seleniumframework.LoginTestCase@24313fcc]" started-at="2024-12-24T19:16:10 IST" name="Login" finished-at="2024-12-24T19:16:11 IST" duration-ms="547" status="PASS">
          <reporter-output>
          </reporter-output>
        </test-method> <!-- Login -->
        <test-method is-config="true" signature="tearDown()[pri:0, instance:seleniumframework.LoginTestCase@24313fcc]" started-at="2024-12-24T19:16:11 IST" name="tearDown" finished-at="2024-12-24T19:16:11 IST" duration-ms="438" status="PASS">
          <reporter-output>
          </reporter-output>
        </test-method> <!-- tearDown -->
      </class> <!-- seleniumframework.LoginTestCase -->
    </test> <!-- Login Order -->
  </suite> <!-- Suite -->
</testng-results>
